<?xml version="1.0" encoding="UTF-8"?>
<!-- Generated by org.testng.reporters.JUnitReportReporter -->
<testsuite skipped="0" hostname="DESKTOP-M05BBAF" name="ContactTest.ReadDataTest" tests="1" failures="0" timestamp="14 Mar 2022 10:48:13 GMT" time="0.015" errors="0">
  <testcase name="readData" time="0.015" classname="ContactTest.ReadDataTest"/>
</testsuite> <!-- ContactTest.ReadDataTest -->
