<?xml version="1.0" encoding="UTF-8"?>
<!-- Generated by org.testng.reporters.JUnitReportReporter -->
<testsuite skipped="0" hostname="DESKTOP-M05BBAF" name="ComCastPractiseJenkins.CreateOrgTest" tests="2" failures="0" timestamp="16 Mar 2022 06:26:56 GMT" time="0.006" errors="0">
  <testcase name="createOrg1" time="0.000" classname="ComCastPractiseJenkins.CreateOrgTest"/>
  <testcase name="createOrg" time="0.006" classname="ComCastPractiseJenkins.CreateOrgTest"/>
</testsuite> <!-- ComCastPractiseJenkins.CreateOrgTest -->
