<?xml version="1.0" encoding="UTF-8"?>
<!-- Generated by org.testng.reporters.JUnitReportReporter -->
<testsuite skipped="0" hostname="DESKTOP-M05BBAF" name="ContactTest.CreateOrgTest" tests="2" failures="0" timestamp="14 Mar 2022 10:45:36 GMT" time="0.016" errors="0">
  <testcase name="createOrg1" time="0.000" classname="ContactTest.CreateOrgTest"/>
  <testcase name="createOrg" time="0.016" classname="ContactTest.CreateOrgTest"/>
</testsuite> <!-- ContactTest.CreateOrgTest -->
